[debug] [2026-02-14T08:25:11.206Z] ----------------------------------------------------------------------
[debug] [2026-02-14T08:25:11.209Z] Command:       C:\Program Files\nodejs\node.exe C:\Users\nalab\AppData\Roaming\npm\node_modules\firebase-tools\lib\bin\firebase.js use --add
[debug] [2026-02-14T08:25:11.209Z] CLI Version:   15.5.1
[debug] [2026-02-14T08:25:11.209Z] Platform:      win32
[debug] [2026-02-14T08:25:11.210Z] Node Version:  v22.16.0
[debug] [2026-02-14T08:25:11.210Z] Time:          Sat Feb 14 2026 13:55:11 GMT+0530 (India Standard Time)
[debug] [2026-02-14T08:25:11.210Z] ----------------------------------------------------------------------
[debug] 
[debug] [2026-02-14T08:25:11.424Z] Object "" in "firebase.json" has unknown property: {"additionalProperty":"projects"}
[debug] [2026-02-14T08:25:11.429Z] > command requires scopes: ["email","openid","https://www.googleapis.com/auth/cloudplatformprojects.readonly","https://www.googleapis.com/auth/firebase","https://www.googleapis.com/auth/cloud-platform"]
[debug] [2026-02-14T08:25:11.429Z] > authorizing via signed-in user (cbitnss@cbit.ac.in)
[debug] [2026-02-14T08:25:11.430Z] Checked if tokens are valid: true, expires at: 1771061070716
[debug] [2026-02-14T08:25:11.430Z] Checked if tokens are valid: true, expires at: 1771061070716
[debug] [2026-02-14T08:25:11.431Z] >>> [apiv2][query] GET https://firebase.googleapis.com/v1beta1/projects pageSize=1000
[debug] [2026-02-14T08:25:12.119Z] <<< [apiv2][status] GET https://firebase.googleapis.com/v1beta1/projects 200
[debug] [2026-02-14T08:25:12.119Z] <<< [apiv2][body] GET https://firebase.googleapis.com/v1beta1/projects [omitted]
[debug] [2026-02-14T08:25:26.768Z] ExitPromptError: User force closed the prompt with SIGINT
    at Interface.sigint (C:\Users\nalab\AppData\Roaming\npm\node_modules\firebase-tools\node_modules\@inquirer\core\dist\commonjs\lib\create-prompt.js:101:37)
    at Interface.emit (node:events:518:28)
    at [_ttyWrite] [as _ttyWrite] (node:internal/readline/interface:1128:18)
    at ReadStream.onkeypress (node:internal/readline/interface:267:20)
    at ReadStream.emit (node:events:530:35)
    at emitKeys (node:internal/readline/utils:370:14)
    at emitKeys.next (<anonymous>)
    at ReadStream.onData (node:internal/readline/emitKeypressEvents:64:36)
    at ReadStream.emit (node:events:518:28)
    at addChunk (node:internal/streams/readable:561:12)
[error] 
[error] Error: An unexpected error has occurred.
